[11-Jun-2017 23:12:02 UTC] PHP Fatal error:  Uncaught ReflectionException: Class config does not exist in /home/ubuntu/workspace/vendor/laravel/framework/src/Illuminate/Container/Container.php:729
Stack trace:
#0 /home/ubuntu/workspace/vendor/laravel/framework/src/Illuminate/Container/Container.php(729): ReflectionClass->__construct('config')
#1 /home/ubuntu/workspace/vendor/laravel/framework/src/Illuminate/Container/Container.php(608): Illuminate\Container\Container->build('config')
#2 /home/ubuntu/workspace/vendor/laravel/framework/src/Illuminate/Container/Container.php(575): Illuminate\Container\Container->resolve('config')
#3 /home/ubuntu/workspace/vendor/laravel/framework/src/Illuminate/Foundation/Application.php(728): Illuminate\Container\Container->make('config')
#4 /home/ubuntu/workspace/vendor/laravel/framework/src/Illuminate/Foundation/helpers.php(106): Illuminate\Foundation\Application->make('config')
#5 /home/ubuntu/workspace/vendor/laravel/framework/src/Illuminate/Foundation/helpers.php(269): app('config')
#6 /home/ubuntu/workspace/vendor/l in /home/ubuntu/workspace/vendor/laravel/framework/src/Illuminate/Container/Container.php on line 729
[11-Jun-2017 23:12:04 UTC] PHP Fatal error:  Uncaught ReflectionException: Class config does not exist in /home/ubuntu/workspace/vendor/laravel/framework/src/Illuminate/Container/Container.php:729
Stack trace:
#0 /home/ubuntu/workspace/vendor/laravel/framework/src/Illuminate/Container/Container.php(729): ReflectionClass->__construct('config')
#1 /home/ubuntu/workspace/vendor/laravel/framework/src/Illuminate/Container/Container.php(608): Illuminate\Container\Container->build('config')
#2 /home/ubuntu/workspace/vendor/laravel/framework/src/Illuminate/Container/Container.php(575): Illuminate\Container\Container->resolve('config')
#3 /home/ubuntu/workspace/vendor/laravel/framework/src/Illuminate/Foundation/Application.php(728): Illuminate\Container\Container->make('config')
#4 /home/ubuntu/workspace/vendor/laravel/framework/src/Illuminate/Foundation/helpers.php(106): Illuminate\Foundation\Application->make('config')
#5 /home/ubuntu/workspace/vendor/laravel/framework/src/Illuminate/Foundation/helpers.php(269): app('config')
#6 /home/ubuntu/workspace/vendor/l in /home/ubuntu/workspace/vendor/laravel/framework/src/Illuminate/Container/Container.php on line 729
[11-Jun-2017 23:12:07 UTC] PHP Fatal error:  Uncaught ReflectionException: Class config does not exist in /home/ubuntu/workspace/vendor/laravel/framework/src/Illuminate/Container/Container.php:729
Stack trace:
#0 /home/ubuntu/workspace/vendor/laravel/framework/src/Illuminate/Container/Container.php(729): ReflectionClass->__construct('config')
#1 /home/ubuntu/workspace/vendor/laravel/framework/src/Illuminate/Container/Container.php(608): Illuminate\Container\Container->build('config')
#2 /home/ubuntu/workspace/vendor/laravel/framework/src/Illuminate/Container/Container.php(575): Illuminate\Container\Container->resolve('config')
#3 /home/ubuntu/workspace/vendor/laravel/framework/src/Illuminate/Foundation/Application.php(728): Illuminate\Container\Container->make('config')
#4 /home/ubuntu/workspace/vendor/laravel/framework/src/Illuminate/Foundation/helpers.php(106): Illuminate\Foundation\Application->make('config')
#5 /home/ubuntu/workspace/vendor/laravel/framework/src/Illuminate/Foundation/helpers.php(269): app('config')
#6 /home/ubuntu/workspace/vendor/l in /home/ubuntu/workspace/vendor/laravel/framework/src/Illuminate/Container/Container.php on line 729
[11-Jun-2017 23:12:10 UTC] PHP Fatal error:  Uncaught ReflectionException: Class config does not exist in /home/ubuntu/workspace/vendor/laravel/framework/src/Illuminate/Container/Container.php:729
Stack trace:
#0 /home/ubuntu/workspace/vendor/laravel/framework/src/Illuminate/Container/Container.php(729): ReflectionClass->__construct('config')
#1 /home/ubuntu/workspace/vendor/laravel/framework/src/Illuminate/Container/Container.php(608): Illuminate\Container\Container->build('config')
#2 /home/ubuntu/workspace/vendor/laravel/framework/src/Illuminate/Container/Container.php(575): Illuminate\Container\Container->resolve('config')
#3 /home/ubuntu/workspace/vendor/laravel/framework/src/Illuminate/Foundation/Application.php(728): Illuminate\Container\Container->make('config')
#4 /home/ubuntu/workspace/vendor/laravel/framework/src/Illuminate/Foundation/helpers.php(106): Illuminate\Foundation\Application->make('config')
#5 /home/ubuntu/workspace/vendor/laravel/framework/src/Illuminate/Foundation/helpers.php(269): app('config')
#6 /home/ubuntu/workspace/vendor/l in /home/ubuntu/workspace/vendor/laravel/framework/src/Illuminate/Container/Container.php on line 729
[11-Jun-2017 23:12:14 UTC] PHP Fatal error:  Uncaught ReflectionException: Class config does not exist in /home/ubuntu/workspace/vendor/laravel/framework/src/Illuminate/Container/Container.php:729
Stack trace:
#0 /home/ubuntu/workspace/vendor/laravel/framework/src/Illuminate/Container/Container.php(729): ReflectionClass->__construct('config')
#1 /home/ubuntu/workspace/vendor/laravel/framework/src/Illuminate/Container/Container.php(608): Illuminate\Container\Container->build('config')
#2 /home/ubuntu/workspace/vendor/laravel/framework/src/Illuminate/Container/Container.php(575): Illuminate\Container\Container->resolve('config')
#3 /home/ubuntu/workspace/vendor/laravel/framework/src/Illuminate/Foundation/Application.php(728): Illuminate\Container\Container->make('config')
#4 /home/ubuntu/workspace/vendor/laravel/framework/src/Illuminate/Foundation/helpers.php(106): Illuminate\Foundation\Application->make('config')
#5 /home/ubuntu/workspace/vendor/laravel/framework/src/Illuminate/Foundation/helpers.php(269): app('config')
#6 /home/ubuntu/workspace/vendor/l in /home/ubuntu/workspace/vendor/laravel/framework/src/Illuminate/Container/Container.php on line 729
[15-Jun-2017 18:38:12 UTC] PHP Warning:  require(/home/ubuntu/workspace/vendor/composer/../laravel/framework/src/Illuminate/Foundation/helpers.php): failed to open stream: No such file or directory in /home/ubuntu/workspace/vendor/composer/autoload_real.php on line 66
[15-Jun-2017 18:38:12 UTC] PHP Fatal error:  require(): Failed opening required '/home/ubuntu/workspace/vendor/composer/../laravel/framework/src/Illuminate/Foundation/helpers.php' (include_path='.:/usr/share/php') in /home/ubuntu/workspace/vendor/composer/autoload_real.php on line 66
